{"C:\\Users\\iakirsanov\\Desktop\\Projects\\pet\\simple-node-app\\src\\app.ts": {"path":"C:\\Users\\iakirsanov\\Desktop\\Projects\\pet\\simple-node-app\\src\\app.ts","statementMap":{"0":{"start":{"line":1,"column":0},"end":{"line":1,"column":43}},"1":{"start":{"line":2,"column":0},"end":{"line":2,"column":47}},"2":{"start":{"line":4,"column":0},"end":{"line":4,"column":35}},"3":{"start":{"line":6,"column":0},"end":{"line":6,"column":32}},"4":{"start":{"line":9,"column":0},"end":{"line":9,"column":70}},"5":{"start":{"line":16,"column":0},"end":{"line":59,"column":null}},"6":{"start":{"line":22,"column":34},"end":{"line":22,"column":57}},"7":{"start":{"line":23,"column":42},"end":{"line":23,"column":74}},"8":{"start":{"line":24,"column":42},"end":{"line":24,"column":74}},"9":{"start":{"line":25,"column":41},"end":{"line":25,"column":71}},"10":{"start":{"line":26,"column":41},"end":{"line":26,"column":71}},"11":{"start":{"line":28,"column":4},"end":{"line":28,"column":25}},"12":{"start":{"line":29,"column":4},"end":{"line":29,"column":21}},"13":{"start":{"line":33,"column":4},"end":{"line":33,"column":25}},"14":{"start":{"line":34,"column":27},"end":{"line":34,"column":94}},"15":{"start":{"line":35,"column":4},"end":{"line":35,"column":62}},"16":{"start":{"line":39,"column":4},"end":{"line":39,"column":55}},"17":{"start":{"line":43,"column":4},"end":{"line":43,"column":72}},"18":{"start":{"line":47,"column":4},"end":{"line":47,"column":25}},"19":{"start":{"line":48,"column":4},"end":{"line":48,"column":21}},"20":{"start":{"line":49,"column":4},"end":{"line":49,"column":30}},"21":{"start":{"line":50,"column":4},"end":{"line":50,"column":40}},"22":{"start":{"line":52,"column":4},"end":{"line":52,"column":45}},"23":{"start":{"line":53,"column":4},"end":{"line":53,"column":79}},"24":{"start":{"line":57,"column":4},"end":{"line":57,"column":24}},"25":{"start":{"line":16,"column":13},"end":{"line":59,"column":null}},"26":{"start":{"line":16,"column":13},"end":{"line":16,"column":16}}},"fnMap":{"0":{"name":"(anonymous_12)","decl":{"start":{"line":21,"column":2},"end":{"line":21,"column":null}},"loc":{"start":{"line":26,"column":71},"end":{"line":30,"column":3}}},"1":{"name":"(anonymous_13)","decl":{"start":{"line":32,"column":2},"end":{"line":32,"column":15}},"loc":{"start":{"line":32,"column":15},"end":{"line":36,"column":3}}},"2":{"name":"(anonymous_14)","decl":{"start":{"line":38,"column":2},"end":{"line":38,"column":11}},"loc":{"start":{"line":38,"column":11},"end":{"line":40,"column":3}}},"3":{"name":"(anonymous_15)","decl":{"start":{"line":42,"column":2},"end":{"line":42,"column":20}},"loc":{"start":{"line":42,"column":20},"end":{"line":44,"column":3}}},"4":{"name":"(anonymous_16)","decl":{"start":{"line":46,"column":15},"end":{"line":46,"column":19}},"loc":{"start":{"line":46,"column":19},"end":{"line":54,"column":null}}},"5":{"name":"(anonymous_18)","decl":{"start":{"line":56,"column":9},"end":{"line":56,"column":14}},"loc":{"start":{"line":56,"column":14},"end":{"line":58,"column":3}}}},"branchMap":{},"s":{"0":1,"1":1,"2":1,"3":1,"4":1,"5":1,"6":1,"7":1,"8":1,"9":1,"10":1,"11":1,"12":1,"13":1,"14":1,"15":1,"16":1,"17":1,"18":1,"19":1,"20":1,"21":1,"22":1,"23":1,"24":1,"25":1,"26":1},"f":{"0":1,"1":1,"2":1,"3":1,"4":1,"5":1},"b":{}}
,"C:\\Users\\iakirsanov\\Desktop\\Projects\\pet\\simple-node-app\\src\\main.ts": {"path":"C:\\Users\\iakirsanov\\Desktop\\Projects\\pet\\simple-node-app\\src\\main.ts","statementMap":{"0":{"start":{"line":1,"column":0},"end":{"line":1,"column":26}},"1":{"start":{"line":2,"column":0},"end":{"line":2,"column":67}},"2":{"start":{"line":5,"column":0},"end":{"line":5,"column":32}},"3":{"start":{"line":15,"column":0},"end":{"line":15,"column":56}},"4":{"start":{"line":16,"column":0},"end":{"line":16,"column":58}},"5":{"start":{"line":17,"column":0},"end":{"line":17,"column":58}},"6":{"start":{"line":18,"column":0},"end":{"line":18,"column":56}},"7":{"start":{"line":21,"column":0},"end":{"line":21,"column":67}},"8":{"start":{"line":22,"column":0},"end":{"line":22,"column":61}},"9":{"start":{"line":23,"column":0},"end":{"line":23,"column":67}},"10":{"start":{"line":25,"column":0},"end":{"line":25,"column":28}},"11":{"start":{"line":33,"column":13},"end":{"line":42,"column":3}},"12":{"start":{"line":34,"column":2},"end":{"line":34,"column":39}},"13":{"start":{"line":35,"column":2},"end":{"line":35,"column":65}},"14":{"start":{"line":36,"column":2},"end":{"line":36,"column":56}},"15":{"start":{"line":37,"column":2},"end":{"line":37,"column":65}},"16":{"start":{"line":38,"column":2},"end":{"line":38,"column":74}},"17":{"start":{"line":39,"column":2},"end":{"line":39,"column":81}},"18":{"start":{"line":40,"column":2},"end":{"line":40,"column":81}},"19":{"start":{"line":41,"column":2},"end":{"line":41,"column":84}},"20":{"start":{"line":45,"column":23},"end":{"line":45,"column":38}},"21":{"start":{"line":46,"column":2},"end":{"line":46,"column":33}},"22":{"start":{"line":48,"column":14},"end":{"line":48,"column":54}},"23":{"start":{"line":49,"column":2},"end":{"line":49,"column":19}},"24":{"start":{"line":51,"column":2},"end":{"line":51,"column":31}},"25":{"start":{"line":54,"column":13},"end":{"line":54,"column":32}}},"fnMap":{"0":{"name":"(anonymous_7)","decl":{"start":{"line":33,"column":47},"end":{"line":33,"column":48}},"loc":{"start":{"line":33,"column":73},"end":{"line":42,"column":1}}},"1":{"name":"bootstrap","decl":{"start":{"line":44,"column":15},"end":{"line":44,"column":24}},"loc":{"start":{"line":44,"column":24},"end":{"line":52,"column":null}}}},"branchMap":{},"s":{"0":1,"1":1,"2":1,"3":1,"4":1,"5":1,"6":1,"7":1,"8":1,"9":1,"10":1,"11":1,"12":1,"13":1,"14":1,"15":1,"16":1,"17":1,"18":1,"19":1,"20":1,"21":1,"22":1,"23":1,"24":1,"25":1},"f":{"0":1,"1":1},"b":{}}
,"C:\\Users\\iakirsanov\\Desktop\\Projects\\pet\\simple-node-app\\src\\types.ts": {"path":"C:\\Users\\iakirsanov\\Desktop\\Projects\\pet\\simple-node-app\\src\\types.ts","statementMap":{"0":{"start":{"line":1,"column":13},"end":{"line":14,"column":null}}},"fnMap":{},"branchMap":{},"s":{"0":1},"f":{},"b":{}}
,"C:\\Users\\iakirsanov\\Desktop\\Projects\\pet\\simple-node-app\\src\\common\\base.controller.ts": {"path":"C:\\Users\\iakirsanov\\Desktop\\Projects\\pet\\simple-node-app\\src\\common\\base.controller.ts","statementMap":{"0":{"start":{"line":1,"column":0},"end":{"line":1,"column":43}},"1":{"start":{"line":2,"column":0},"end":{"line":2,"column":39}},"2":{"start":{"line":9,"column":0},"end":{"line":50,"column":null}},"3":{"start":{"line":12,"column":22},"end":{"line":12,"column":52}},"4":{"start":{"line":13,"column":4},"end":{"line":13,"column":28}},"5":{"start":{"line":17,"column":4},"end":{"line":17,"column":24}},"6":{"start":{"line":21,"column":4},"end":{"line":21,"column":31}},"7":{"start":{"line":25,"column":4},"end":{"line":25,"column":33}},"8":{"start":{"line":26,"column":4},"end":{"line":26,"column":42}},"9":{"start":{"line":30,"column":4},"end":{"line":30,"column":43}},"10":{"start":{"line":34,"column":4},"end":{"line":34,"column":43}},"11":{"start":{"line":38,"column":4},"end":{"line":48,"column":null}},"12":{"start":{"line":39,"column":6},"end":{"line":39,"column":79}},"13":{"start":{"line":40,"column":25},"end":{"line":40,"column":102}},"14":{"start":{"line":40,"column":78},"end":{"line":40,"column":101}},"15":{"start":{"line":41,"column":27},"end":{"line":41,"column":52}},"16":{"start":{"line":43,"column":23},"end":{"line":45,"column":22}},"17":{"start":{"line":47,"column":6},"end":{"line":47,"column":55}},"18":{"start":{"line":9,"column":22},"end":{"line":50,"column":null}},"19":{"start":{"line":9,"column":22},"end":{"line":9,"column":36}}},"fnMap":{"0":{"name":"(anonymous_2)","decl":{"start":{"line":12,"column":2},"end":{"line":12,"column":22}},"loc":{"start":{"line":12,"column":52},"end":{"line":14,"column":3}}},"1":{"name":"(anonymous_3)","decl":{"start":{"line":16,"column":2},"end":{"line":16,"column":6}},"loc":{"start":{"line":16,"column":12},"end":{"line":18,"column":3}}},"2":{"name":"(anonymous_4)","decl":{"start":{"line":20,"column":9},"end":{"line":20,"column":16}},"loc":{"start":{"line":20,"column":30},"end":{"line":22,"column":3}}},"3":{"name":"(anonymous_5)","decl":{"start":{"line":24,"column":9},"end":{"line":24,"column":13}},"loc":{"start":{"line":24,"column":56},"end":{"line":27,"column":3}}},"4":{"name":"(anonymous_6)","decl":{"start":{"line":29,"column":9},"end":{"line":29,"column":16}},"loc":{"start":{"line":29,"column":45},"end":{"line":31,"column":3}}},"5":{"name":"(anonymous_7)","decl":{"start":{"line":33,"column":9},"end":{"line":33,"column":14}},"loc":{"start":{"line":33,"column":43},"end":{"line":35,"column":3}}},"6":{"name":"(anonymous_8)","decl":{"start":{"line":37,"column":12},"end":{"line":37,"column":22}},"loc":{"start":{"line":37,"column":49},"end":{"line":49,"column":3}}},"7":{"name":"(anonymous_9)","decl":{"start":{"line":40,"column":55},"end":{"line":40,"column":56}},"loc":{"start":{"line":40,"column":78},"end":{"line":40,"column":101}}}},"branchMap":{"0":{"loc":{"start":{"line":40,"column":26},"end":{"line":40,"column":49}},"type":"binary-expr","locations":[{"start":{"line":40,"column":26},"end":{"line":40,"column":43}},{"start":{"line":40,"column":47},"end":{"line":40,"column":49}}]},"1":{"loc":{"start":{"line":43,"column":23},"end":{"line":45,"column":22}},"type":"cond-expr","locations":[{"start":{"line":44,"column":10},"end":{"line":44,"column":39}},{"start":{"line":45,"column":10},"end":{"line":45,"column":22}}]},"2":{"loc":{"start":{"line":43,"column":23},"end":{"line":43,"column":54}},"type":"binary-expr","locations":[{"start":{"line":43,"column":23},"end":{"line":43,"column":33}},{"start":{"line":43,"column":37},"end":{"line":43,"column":54}}]}},"s":{"0":1,"1":1,"2":1,"3":1,"4":1,"5":1,"6":0,"7":4,"8":4,"9":4,"10":0,"11":1,"12":3,"13":3,"14":3,"15":3,"16":3,"17":3,"18":1,"19":1},"f":{"0":1,"1":1,"2":0,"3":4,"4":4,"5":0,"6":1,"7":3},"b":{"0":[3,0],"1":[3,0],"2":[3,3]}}
,"C:\\Users\\iakirsanov\\Desktop\\Projects\\pet\\simple-node-app\\src\\common\\guards\\auth.guard.ts": {"path":"C:\\Users\\iakirsanov\\Desktop\\Projects\\pet\\simple-node-app\\src\\common\\guards\\auth.guard.ts","statementMap":{"0":{"start":{"line":7,"column":4},"end":{"line":7,"column":33}},"1":{"start":{"line":7,"column":19},"end":{"line":7,"column":33}},"2":{"start":{"line":8,"column":4},"end":{"line":8,"column":null}},"3":{"start":{"line":5,"column":0},"end":{"line":5,"column":13}}},"fnMap":{"0":{"name":"(anonymous_0)","decl":{"start":{"line":6,"column":9},"end":{"line":6,"column":16}},"loc":{"start":{"line":6,"column":64},"end":{"line":9,"column":3}}}},"branchMap":{"0":{"loc":{"start":{"line":7,"column":4},"end":{"line":7,"column":33}},"type":"if","locations":[{"start":{"line":7,"column":4},"end":{"line":7,"column":33}}]}},"s":{"0":2,"1":1,"2":1,"3":1},"f":{"0":2},"b":{"0":[1]}}
,"C:\\Users\\iakirsanov\\Desktop\\Projects\\pet\\simple-node-app\\src\\common\\middlewares\\auth.middleware.ts": {"path":"C:\\Users\\iakirsanov\\Desktop\\Projects\\pet\\simple-node-app\\src\\common\\middlewares\\auth.middleware.ts","statementMap":{"0":{"start":{"line":2,"column":0},"end":{"line":2,"column":38}},"1":{"start":{"line":7,"column":22},"end":{"line":7,"column":37}},"2":{"start":{"line":10,"column":4},"end":{"line":18,"column":null}},"3":{"start":{"line":11,"column":6},"end":{"line":17,"column":9}},"4":{"start":{"line":12,"column":8},"end":{"line":16,"column":null}},"5":{"start":{"line":13,"column":10},"end":{"line":13,"column":17}},"6":{"start":{"line":14,"column":15},"end":{"line":16,"column":null}},"7":{"start":{"line":15,"column":10},"end":{"line":15,"column":33}},"8":{"start":{"line":22,"column":4},"end":{"line":22,"column":43}},"9":{"start":{"line":22,"column":36},"end":{"line":22,"column":43}},"10":{"start":{"line":24,"column":4},"end":{"line":31,"column":null}},"11":{"start":{"line":25,"column":26},"end":{"line":25,"column":65}},"12":{"start":{"line":26,"column":19},"end":{"line":26,"column":65}},"13":{"start":{"line":27,"column":6},"end":{"line":30,"column":null}},"14":{"start":{"line":28,"column":8},"end":{"line":28,"column":25}},"15":{"start":{"line":29,"column":8},"end":{"line":29,"column":15}},"16":{"start":{"line":6,"column":0},"end":{"line":6,"column":13}}},"fnMap":{"0":{"name":"(anonymous_7)","decl":{"start":{"line":7,"column":2},"end":{"line":7,"column":22}},"loc":{"start":{"line":7,"column":37},"end":{"line":7,"column":41}}},"1":{"name":"(anonymous_8)","decl":{"start":{"line":9,"column":10},"end":{"line":9,"column":21}},"loc":{"start":{"line":9,"column":75},"end":{"line":19,"column":3}}},"2":{"name":"(anonymous_9)","decl":{"start":{"line":10,"column":31},"end":{"line":10,"column":32}},"loc":{"start":{"line":10,"column":43},"end":{"line":18,"column":5}}},"3":{"name":"(anonymous_10)","decl":{"start":{"line":11,"column":40},"end":{"line":11,"column":41}},"loc":{"start":{"line":11,"column":55},"end":{"line":17,"column":7}}},"4":{"name":"(anonymous_11)","decl":{"start":{"line":21,"column":15},"end":{"line":21,"column":22}},"loc":{"start":{"line":21,"column":70},"end":{"line":32,"column":null}}}},"branchMap":{"0":{"loc":{"start":{"line":12,"column":8},"end":{"line":16,"column":null}},"type":"if","locations":[{"start":{"line":12,"column":8},"end":{"line":16,"column":null}},{"start":{"line":14,"column":15},"end":{"line":16,"column":null}}]},"1":{"loc":{"start":{"line":14,"column":15},"end":{"line":16,"column":null}},"type":"if","locations":[{"start":{"line":14,"column":15},"end":{"line":16,"column":null}}]},"2":{"loc":{"start":{"line":14,"column":19},"end":{"line":14,"column":57}},"type":"binary-expr","locations":[{"start":{"line":14,"column":19},"end":{"line":14,"column":26}},{"start":{"line":14,"column":30},"end":{"line":14,"column":57}}]},"3":{"loc":{"start":{"line":22,"column":4},"end":{"line":22,"column":43}},"type":"if","locations":[{"start":{"line":22,"column":4},"end":{"line":22,"column":43}}]},"4":{"loc":{"start":{"line":24,"column":4},"end":{"line":31,"column":null}},"type":"if","locations":[{"start":{"line":24,"column":4},"end":{"line":31,"column":null}}]},"5":{"loc":{"start":{"line":27,"column":6},"end":{"line":30,"column":null}},"type":"if","locations":[{"start":{"line":27,"column":6},"end":{"line":30,"column":null}}]}},"s":{"0":1,"1":1,"2":2,"3":2,"4":2,"5":1,"6":1,"7":1,"8":7,"9":5,"10":7,"11":2,"12":2,"13":1,"14":1,"15":1,"16":1},"f":{"0":1,"1":2,"2":2,"3":2,"4":7},"b":{"0":[1,1],"1":[1],"2":[1,1],"3":[5],"4":[2],"5":[1]}}
,"C:\\Users\\iakirsanov\\Desktop\\Projects\\pet\\simple-node-app\\src\\common\\middlewares\\validate.middleware.ts": {"path":"C:\\Users\\iakirsanov\\Desktop\\Projects\\pet\\simple-node-app\\src\\common\\middlewares\\validate.middleware.ts","statementMap":{"0":{"start":{"line":2,"column":0},"end":{"line":2,"column":67}},"1":{"start":{"line":3,"column":0},"end":{"line":3,"column":43}},"2":{"start":{"line":8,"column":22},"end":{"line":8,"column":64}},"3":{"start":{"line":11,"column":21},"end":{"line":11,"column":62}},"4":{"start":{"line":13,"column":4},"end":{"line":19,"column":null}},"5":{"start":{"line":14,"column":6},"end":{"line":18,"column":null}},"6":{"start":{"line":15,"column":8},"end":{"line":15,"column":37}},"7":{"start":{"line":17,"column":8},"end":{"line":17,"column":15}},"8":{"start":{"line":7,"column":0},"end":{"line":7,"column":13}}},"fnMap":{"0":{"name":"(anonymous_0)","decl":{"start":{"line":8,"column":2},"end":{"line":8,"column":22}},"loc":{"start":{"line":8,"column":64},"end":{"line":8,"column":68}}},"1":{"name":"(anonymous_1)","decl":{"start":{"line":10,"column":9},"end":{"line":10,"column":16}},"loc":{"start":{"line":10,"column":69},"end":{"line":20,"column":3}}},"2":{"name":"(anonymous_2)","decl":{"start":{"line":13,"column":28},"end":{"line":13,"column":29}},"loc":{"start":{"line":13,"column":39},"end":{"line":19,"column":5}}}},"branchMap":{"0":{"loc":{"start":{"line":14,"column":6},"end":{"line":18,"column":null}},"type":"if","locations":[{"start":{"line":14,"column":6},"end":{"line":18,"column":null}},{"start":{"line":16,"column":13},"end":{"line":18,"column":null}}]}},"s":{"0":1,"1":1,"2":2,"3":5,"4":5,"5":5,"6":1,"7":4,"8":1},"f":{"0":2,"1":5,"2":5},"b":{"0":[1,4]}}
,"C:\\Users\\iakirsanov\\Desktop\\Projects\\pet\\simple-node-app\\src\\config\\config.service.ts": {"path":"C:\\Users\\iakirsanov\\Desktop\\Projects\\pet\\simple-node-app\\src\\config\\config.service.ts","statementMap":{"0":{"start":{"line":1,"column":0},"end":{"line":1,"column":47}},"1":{"start":{"line":2,"column":0},"end":{"line":2,"column":71}},"2":{"start":{"line":6,"column":0},"end":{"line":6,"column":33}},"3":{"start":{"line":9,"column":0},"end":{"line":26,"column":null}},"4":{"start":{"line":12,"column":44},"end":{"line":12,"column":67}},"5":{"start":{"line":13,"column":39},"end":{"line":13,"column":47}},"6":{"start":{"line":15,"column":4},"end":{"line":20,"column":null}},"7":{"start":{"line":16,"column":6},"end":{"line":16,"column":null}},"8":{"start":{"line":18,"column":6},"end":{"line":18,"column":null}},"9":{"start":{"line":19,"column":6},"end":{"line":19,"column":56}},"10":{"start":{"line":24,"column":4},"end":{"line":24,"column":34}},"11":{"start":{"line":9,"column":13},"end":{"line":26,"column":null}},"12":{"start":{"line":9,"column":13},"end":{"line":9,"column":26}}},"fnMap":{"0":{"name":"(anonymous_4)","decl":{"start":{"line":12,"column":2},"end":{"line":12,"column":15}},"loc":{"start":{"line":12,"column":67},"end":{"line":21,"column":3}}},"1":{"name":"(anonymous_5)","decl":{"start":{"line":23,"column":2},"end":{"line":23,"column":11}},"loc":{"start":{"line":23,"column":50},"end":{"line":25,"column":3}}}},"branchMap":{"0":{"loc":{"start":{"line":15,"column":4},"end":{"line":20,"column":null}},"type":"if","locations":[{"start":{"line":15,"column":4},"end":{"line":20,"column":null}},{"start":{"line":17,"column":11},"end":{"line":20,"column":null}}]}},"s":{"0":1,"1":1,"2":1,"3":1,"4":1,"5":1,"6":1,"7":0,"8":1,"9":1,"10":4,"11":1,"12":1},"f":{"0":1,"1":4},"b":{"0":[0,1]}}
,"C:\\Users\\iakirsanov\\Desktop\\Projects\\pet\\simple-node-app\\src\\database\\prisma.service.ts": {"path":"C:\\Users\\iakirsanov\\Desktop\\Projects\\pet\\simple-node-app\\src\\database\\prisma.service.ts","statementMap":{"0":{"start":{"line":1,"column":0},"end":{"line":1,"column":46}},"1":{"start":{"line":2,"column":0},"end":{"line":2,"column":47}},"2":{"start":{"line":6,"column":0},"end":{"line":6,"column":33}},"3":{"start":{"line":9,"column":0},"end":{"line":31,"column":null}},"4":{"start":{"line":12,"column":44},"end":{"line":12,"column":67}},"5":{"start":{"line":13,"column":4},"end":{"line":13,"column":37}},"6":{"start":{"line":17,"column":4},"end":{"line":24,"column":null}},"7":{"start":{"line":18,"column":6},"end":{"line":18,"column":35}},"8":{"start":{"line":19,"column":6},"end":{"line":19,"column":76}},"9":{"start":{"line":21,"column":6},"end":{"line":23,"column":null}},"10":{"start":{"line":22,"column":8},"end":{"line":22,"column":93}},"11":{"start":{"line":28,"column":4},"end":{"line":28,"column":36}},"12":{"start":{"line":29,"column":4},"end":{"line":29,"column":79}},"13":{"start":{"line":9,"column":13},"end":{"line":31,"column":null}},"14":{"start":{"line":9,"column":13},"end":{"line":9,"column":26}}},"fnMap":{"0":{"name":"(anonymous_11)","decl":{"start":{"line":12,"column":2},"end":{"line":12,"column":15}},"loc":{"start":{"line":12,"column":67},"end":{"line":14,"column":3}}},"1":{"name":"(anonymous_12)","decl":{"start":{"line":16,"column":15},"end":{"line":16,"column":22}},"loc":{"start":{"line":16,"column":22},"end":{"line":25,"column":null}}},"2":{"name":"(anonymous_14)","decl":{"start":{"line":27,"column":15},"end":{"line":27,"column":25}},"loc":{"start":{"line":27,"column":25},"end":{"line":30,"column":null}}}},"branchMap":{"0":{"loc":{"start":{"line":21,"column":6},"end":{"line":23,"column":null}},"type":"if","locations":[{"start":{"line":21,"column":6},"end":{"line":23,"column":null}}]}},"s":{"0":1,"1":1,"2":1,"3":1,"4":1,"5":1,"6":1,"7":1,"8":1,"9":0,"10":0,"11":0,"12":0,"13":1,"14":1},"f":{"0":1,"1":1,"2":0},"b":{"0":[0]}}
,"C:\\Users\\iakirsanov\\Desktop\\Projects\\pet\\simple-node-app\\src\\entities\\users\\user.entity.ts": {"path":"C:\\Users\\iakirsanov\\Desktop\\Projects\\pet\\simple-node-app\\src\\entities\\users\\user.entity.ts","statementMap":{"0":{"start":{"line":1,"column":0},"end":{"line":1,"column":41}},"1":{"start":{"line":7,"column":21},"end":{"line":7,"column":35}},"2":{"start":{"line":8,"column":21},"end":{"line":8,"column":34}},"3":{"start":{"line":12,"column":4},"end":{"line":12,"column":23}},"4":{"start":{"line":16,"column":4},"end":{"line":16,"column":22}},"5":{"start":{"line":20,"column":4},"end":{"line":20,"column":26}},"6":{"start":{"line":24,"column":4},"end":{"line":24,"column":null}},"7":{"start":{"line":28,"column":4},"end":{"line":28,"column":48}},"8":{"start":{"line":3,"column":0},"end":{"line":3,"column":13}}},"fnMap":{"0":{"name":"(anonymous_7)","decl":{"start":{"line":6,"column":2},"end":{"line":6,"column":null}},"loc":{"start":{"line":8,"column":34},"end":{"line":9,"column":6}}},"1":{"name":"(anonymous_8)","decl":{"start":{"line":11,"column":2},"end":{"line":11,"column":6}},"loc":{"start":{"line":11,"column":11},"end":{"line":13,"column":3}}},"2":{"name":"(anonymous_9)","decl":{"start":{"line":15,"column":2},"end":{"line":15,"column":6}},"loc":{"start":{"line":15,"column":10},"end":{"line":17,"column":3}}},"3":{"name":"(anonymous_10)","decl":{"start":{"line":19,"column":2},"end":{"line":19,"column":6}},"loc":{"start":{"line":19,"column":14},"end":{"line":21,"column":3}}},"4":{"name":"(anonymous_11)","decl":{"start":{"line":23,"column":9},"end":{"line":23,"column":25}},"loc":{"start":{"line":23,"column":52},"end":{"line":25,"column":3}}},"5":{"name":"(anonymous_12)","decl":{"start":{"line":27,"column":15},"end":{"line":27,"column":27}},"loc":{"start":{"line":27,"column":58},"end":{"line":29,"column":null}}}},"branchMap":{},"s":{"0":1,"1":4,"2":4,"3":1,"4":1,"5":1,"6":3,"7":1,"8":1},"f":{"0":4,"1":1,"2":1,"3":1,"4":3,"5":1},"b":{}}
,"C:\\Users\\iakirsanov\\Desktop\\Projects\\pet\\simple-node-app\\src\\entities\\users\\users.controller.ts": {"path":"C:\\Users\\iakirsanov\\Desktop\\Projects\\pet\\simple-node-app\\src\\entities\\users\\users.controller.ts","statementMap":{"0":{"start":{"line":2,"column":0},"end":{"line":2,"column":47}},"1":{"start":{"line":3,"column":0},"end":{"line":3,"column":36}},"2":{"start":{"line":5,"column":0},"end":{"line":5,"column":36}},"3":{"start":{"line":11,"column":0},"end":{"line":11,"column":82}},"4":{"start":{"line":12,"column":0},"end":{"line":12,"column":62}},"5":{"start":{"line":13,"column":0},"end":{"line":13,"column":59}},"6":{"start":{"line":16,"column":0},"end":{"line":16,"column":52}},"7":{"start":{"line":17,"column":0},"end":{"line":17,"column":52}},"8":{"start":{"line":18,"column":0},"end":{"line":18,"column":58}},"9":{"start":{"line":21,"column":0},"end":{"line":89,"column":null}},"10":{"start":{"line":48,"column":4},"end":{"line":48,"column":19}},"11":{"start":{"line":44,"column":41},"end":{"line":44,"column":71}},"12":{"start":{"line":45,"column":34},"end":{"line":45,"column":57}},"13":{"start":{"line":46,"column":39},"end":{"line":46,"column":65}},"14":{"start":{"line":22,"column":11},"end":{"line":41,"column":4}},"15":{"start":{"line":49,"column":4},"end":{"line":49,"column":33}},"16":{"start":{"line":53,"column":19},"end":{"line":53,"column":58}},"17":{"start":{"line":54,"column":4},"end":{"line":54,"column":null}},"18":{"start":{"line":54,"column":17},"end":{"line":54,"column":null}},"19":{"start":{"line":56,"column":16},"end":{"line":56,"column":87}},"20":{"start":{"line":57,"column":4},"end":{"line":57,"column":44}},"21":{"start":{"line":61,"column":19},"end":{"line":61,"column":59}},"22":{"start":{"line":62,"column":4},"end":{"line":62,"column":null}},"23":{"start":{"line":62,"column":17},"end":{"line":62,"column":null}},"24":{"start":{"line":64,"column":4},"end":{"line":64,"column":30}},"25":{"start":{"line":68,"column":19},"end":{"line":68,"column":61}},"26":{"start":{"line":69,"column":4},"end":{"line":69,"column":null}},"27":{"start":{"line":69,"column":17},"end":{"line":69,"column":null}},"28":{"start":{"line":71,"column":4},"end":{"line":71,"column":30}},"29":{"start":{"line":75,"column":4},"end":{"line":87,"column":null}},"30":{"start":{"line":76,"column":6},"end":{"line":86,"column":null}},"31":{"start":{"line":83,"column":8},"end":{"line":83,"column":25}},"32":{"start":{"line":83,"column":15},"end":{"line":83,"column":25}},"33":{"start":{"line":84,"column":8},"end":{"line":84,"column":33}},"34":{"start":{"line":21,"column":13},"end":{"line":89,"column":null}},"35":{"start":{"line":21,"column":13},"end":{"line":21,"column":27}}},"fnMap":{"0":{"name":"(anonymous_11)","decl":{"start":{"line":43,"column":2},"end":{"line":43,"column":null}},"loc":{"start":{"line":46,"column":65},"end":{"line":50,"column":3}}},"1":{"name":"(anonymous_12)","decl":{"start":{"line":52,"column":15},"end":{"line":52,"column":20}},"loc":{"start":{"line":52,"column":95},"end":{"line":58,"column":null}}},"2":{"name":"(anonymous_14)","decl":{"start":{"line":60,"column":15},"end":{"line":60,"column":23}},"loc":{"start":{"line":60,"column":101},"end":{"line":65,"column":null}}},"3":{"name":"(anonymous_16)","decl":{"start":{"line":67,"column":15},"end":{"line":67,"column":19}},"loc":{"start":{"line":67,"column":73},"end":{"line":72,"column":null}}},"4":{"name":"(anonymous_18)","decl":{"start":{"line":74,"column":10},"end":{"line":74,"column":17}},"loc":{"start":{"line":74,"column":47},"end":{"line":88,"column":3}}},"5":{"name":"(anonymous_19)","decl":{"start":{"line":75,"column":31},"end":{"line":75,"column":32}},"loc":{"start":{"line":75,"column":51},"end":{"line":87,"column":5}}},"6":{"name":"(anonymous_20)","decl":{"start":{"line":82,"column":6},"end":{"line":82,"column":7}},"loc":{"start":{"line":82,"column":19},"end":{"line":85,"column":7}}}},"branchMap":{"0":{"loc":{"start":{"line":54,"column":4},"end":{"line":54,"column":null}},"type":"if","locations":[{"start":{"line":54,"column":4},"end":{"line":54,"column":null}}]},"1":{"loc":{"start":{"line":62,"column":4},"end":{"line":62,"column":null}},"type":"if","locations":[{"start":{"line":62,"column":4},"end":{"line":62,"column":null}}]},"2":{"loc":{"start":{"line":69,"column":4},"end":{"line":69,"column":null}},"type":"if","locations":[{"start":{"line":69,"column":4},"end":{"line":69,"column":null}}]},"3":{"loc":{"start":{"line":83,"column":8},"end":{"line":83,"column":25}},"type":"if","locations":[{"start":{"line":83,"column":8},"end":{"line":83,"column":25}}]}},"s":{"0":1,"1":1,"2":1,"3":1,"4":1,"5":1,"6":1,"7":1,"8":1,"9":1,"10":1,"11":1,"12":1,"13":1,"14":1,"15":1,"16":3,"17":3,"18":1,"19":2,"20":2,"21":1,"22":1,"23":0,"24":1,"25":1,"26":1,"27":0,"28":1,"29":2,"30":2,"31":2,"32":0,"33":2,"34":1,"35":1},"f":{"0":1,"1":3,"2":1,"3":1,"4":2,"5":2,"6":2},"b":{"0":[1],"1":[0],"2":[0],"3":[0]}}
,"C:\\Users\\iakirsanov\\Desktop\\Projects\\pet\\simple-node-app\\src\\entities\\users\\users.repository.ts": {"path":"C:\\Users\\iakirsanov\\Desktop\\Projects\\pet\\simple-node-app\\src\\entities\\users\\users.repository.ts","statementMap":{"0":{"start":{"line":2,"column":0},"end":{"line":2,"column":47}},"1":{"start":{"line":4,"column":0},"end":{"line":4,"column":36}},"2":{"start":{"line":10,"column":0},"end":{"line":30,"column":null}},"3":{"start":{"line":11,"column":53},"end":{"line":11,"column":83}},"4":{"start":{"line":14,"column":8},"end":{"line":20,"column":null}},"5":{"start":{"line":24,"column":8},"end":{"line":28,"column":null}},"6":{"start":{"line":10,"column":13},"end":{"line":30,"column":null}},"7":{"start":{"line":10,"column":13},"end":{"line":10,"column":27}}},"fnMap":{"0":{"name":"(anonymous_11)","decl":{"start":{"line":11,"column":4},"end":{"line":11,"column":17}},"loc":{"start":{"line":11,"column":83},"end":{"line":11,"column":87}}},"1":{"name":"(anonymous_12)","decl":{"start":{"line":13,"column":17},"end":{"line":13,"column":23}},"loc":{"start":{"line":13,"column":55},"end":{"line":21,"column":null}}},"2":{"name":"(anonymous_14)","decl":{"start":{"line":23,"column":17},"end":{"line":23,"column":21}},"loc":{"start":{"line":23,"column":35},"end":{"line":29,"column":null}}}},"branchMap":{},"s":{"0":1,"1":1,"2":1,"3":1,"4":1,"5":5,"6":1,"7":1},"f":{"0":1,"1":1,"2":5},"b":{}}
,"C:\\Users\\iakirsanov\\Desktop\\Projects\\pet\\simple-node-app\\src\\entities\\users\\users.service.ts": {"path":"C:\\Users\\iakirsanov\\Desktop\\Projects\\pet\\simple-node-app\\src\\entities\\users\\users.service.ts","statementMap":{"0":{"start":{"line":1,"column":0},"end":{"line":1,"column":47}},"1":{"start":{"line":4,"column":0},"end":{"line":4,"column":36}},"2":{"start":{"line":9,"column":0},"end":{"line":9,"column":37}},"3":{"start":{"line":14,"column":0},"end":{"line":44,"column":null}},"4":{"start":{"line":16,"column":41},"end":{"line":16,"column":71}},"5":{"start":{"line":17,"column":42},"end":{"line":17,"column":74}},"6":{"start":{"line":21,"column":24},"end":{"line":21,"column":62}},"7":{"start":{"line":22,"column":4},"end":{"line":22,"column":35}},"8":{"start":{"line":22,"column":22},"end":{"line":22,"column":35}},"9":{"start":{"line":24,"column":20},"end":{"line":24,"column":65}},"10":{"start":{"line":25,"column":4},"end":{"line":25,"column":68}},"11":{"start":{"line":29,"column":20},"end":{"line":29,"column":41}},"12":{"start":{"line":30,"column":17},"end":{"line":30,"column":62}},"13":{"start":{"line":31,"column":4},"end":{"line":31,"column":55}},"14":{"start":{"line":33,"column":24},"end":{"line":33,"column":62}},"15":{"start":{"line":34,"column":4},"end":{"line":34,"column":33}},"16":{"start":{"line":34,"column":21},"end":{"line":34,"column":33}},"17":{"start":{"line":35,"column":4},"end":{"line":35,"column":48}},"18":{"start":{"line":39,"column":24},"end":{"line":39,"column":62}},"19":{"start":{"line":40,"column":4},"end":{"line":40,"column":34}},"20":{"start":{"line":40,"column":22},"end":{"line":40,"column":34}},"21":{"start":{"line":41,"column":34},"end":{"line":41,"column":45}},"22":{"start":{"line":41,"column":29},"end":{"line":41,"column":34}},"23":{"start":{"line":42,"column":4},"end":{"line":42,"column":16}},"24":{"start":{"line":14,"column":13},"end":{"line":44,"column":null}},"25":{"start":{"line":14,"column":13},"end":{"line":14,"column":24}}},"fnMap":{"0":{"name":"(anonymous_12)","decl":{"start":{"line":15,"column":2},"end":{"line":15,"column":null}},"loc":{"start":{"line":17,"column":74},"end":{"line":18,"column":6}}},"1":{"name":"(anonymous_13)","decl":{"start":{"line":20,"column":15},"end":{"line":20,"column":24}},"loc":{"start":{"line":20,"column":58},"end":{"line":26,"column":null}}},"2":{"name":"(anonymous_15)","decl":{"start":{"line":28,"column":15},"end":{"line":28,"column":25}},"loc":{"start":{"line":28,"column":68},"end":{"line":36,"column":null}}},"3":{"name":"(anonymous_17)","decl":{"start":{"line":38,"column":15},"end":{"line":38,"column":26}},"loc":{"start":{"line":38,"column":40},"end":{"line":43,"column":null}}}},"branchMap":{"0":{"loc":{"start":{"line":22,"column":4},"end":{"line":22,"column":35}},"type":"if","locations":[{"start":{"line":22,"column":4},"end":{"line":22,"column":35}}]},"1":{"loc":{"start":{"line":34,"column":4},"end":{"line":34,"column":33}},"type":"if","locations":[{"start":{"line":34,"column":4},"end":{"line":34,"column":33}}]},"2":{"loc":{"start":{"line":40,"column":4},"end":{"line":40,"column":34}},"type":"if","locations":[{"start":{"line":40,"column":4},"end":{"line":40,"column":34}}]}},"s":{"0":1,"1":1,"2":1,"3":1,"4":1,"5":1,"6":3,"7":3,"8":0,"9":3,"10":3,"11":1,"12":1,"13":1,"14":1,"15":1,"16":0,"17":1,"18":1,"19":1,"20":0,"21":1,"22":1,"23":1,"24":1,"25":1},"f":{"0":1,"1":3,"2":1,"3":1},"b":{"0":[0],"1":[0],"2":[0]}}
,"C:\\Users\\iakirsanov\\Desktop\\Projects\\pet\\simple-node-app\\src\\entities\\users\\dto\\user-login.dto.ts": {"path":"C:\\Users\\iakirsanov\\Desktop\\Projects\\pet\\simple-node-app\\src\\entities\\users\\dto\\user-login.dto.ts","statementMap":{"0":{"start":{"line":1,"column":0},"end":{"line":1,"column":52}},"1":{"start":{"line":5,"column":2},"end":{"line":5,"column":null}},"2":{"start":{"line":8,"column":2},"end":{"line":8,"column":null}},"3":{"start":{"line":3,"column":0},"end":{"line":3,"column":13}}},"fnMap":{},"branchMap":{},"s":{"0":1,"1":1,"2":1,"3":1},"f":{},"b":{}}
,"C:\\Users\\iakirsanov\\Desktop\\Projects\\pet\\simple-node-app\\src\\entities\\users\\dto\\user-register.dto.ts": {"path":"C:\\Users\\iakirsanov\\Desktop\\Projects\\pet\\simple-node-app\\src\\entities\\users\\dto\\user-register.dto.ts","statementMap":{"0":{"start":{"line":1,"column":0},"end":{"line":1,"column":52}},"1":{"start":{"line":5,"column":2},"end":{"line":5,"column":null}},"2":{"start":{"line":8,"column":2},"end":{"line":8,"column":null}},"3":{"start":{"line":11,"column":2},"end":{"line":11,"column":null}},"4":{"start":{"line":3,"column":0},"end":{"line":3,"column":13}}},"fnMap":{},"branchMap":{},"s":{"0":1,"1":1,"2":1,"3":1,"4":1},"f":{},"b":{}}
,"C:\\Users\\iakirsanov\\Desktop\\Projects\\pet\\simple-node-app\\src\\errors\\exeption.filter.ts": {"path":"C:\\Users\\iakirsanov\\Desktop\\Projects\\pet\\simple-node-app\\src\\errors\\exeption.filter.ts","statementMap":{"0":{"start":{"line":2,"column":0},"end":{"line":2,"column":47}},"1":{"start":{"line":4,"column":0},"end":{"line":4,"column":33}},"2":{"start":{"line":8,"column":0},"end":{"line":8,"column":41}},"3":{"start":{"line":11,"column":0},"end":{"line":23,"column":null}},"4":{"start":{"line":12,"column":44},"end":{"line":12,"column":67}},"5":{"start":{"line":15,"column":4},"end":{"line":21,"column":null}},"6":{"start":{"line":16,"column":6},"end":{"line":16,"column":85}},"7":{"start":{"line":17,"column":6},"end":{"line":17,"column":60}},"8":{"start":{"line":19,"column":6},"end":{"line":19,"column":43}},"9":{"start":{"line":20,"column":6},"end":{"line":20,"column":49}},"10":{"start":{"line":11,"column":13},"end":{"line":23,"column":null}},"11":{"start":{"line":11,"column":13},"end":{"line":11,"column":27}}},"fnMap":{"0":{"name":"(anonymous_4)","decl":{"start":{"line":12,"column":2},"end":{"line":12,"column":15}},"loc":{"start":{"line":12,"column":67},"end":{"line":12,"column":72}}},"1":{"name":"(anonymous_5)","decl":{"start":{"line":14,"column":2},"end":{"line":14,"column":7}},"loc":{"start":{"line":14,"column":79},"end":{"line":22,"column":3}}}},"branchMap":{"0":{"loc":{"start":{"line":15,"column":4},"end":{"line":21,"column":null}},"type":"if","locations":[{"start":{"line":15,"column":4},"end":{"line":21,"column":null}},{"start":{"line":18,"column":11},"end":{"line":21,"column":null}}]}},"s":{"0":1,"1":1,"2":1,"3":1,"4":1,"5":1,"6":1,"7":1,"8":0,"9":0,"10":1,"11":1},"f":{"0":1,"1":1},"b":{"0":[1,0]}}
,"C:\\Users\\iakirsanov\\Desktop\\Projects\\pet\\simple-node-app\\src\\errors\\http-error.ts": {"path":"C:\\Users\\iakirsanov\\Desktop\\Projects\\pet\\simple-node-app\\src\\errors\\http-error.ts","statementMap":{"0":{"start":{"line":6,"column":4},"end":{"line":6,"column":19}},"1":{"start":{"line":8,"column":4},"end":{"line":8,"column":33}},"2":{"start":{"line":9,"column":4},"end":{"line":9,"column":27}},"3":{"start":{"line":10,"column":4},"end":{"line":10,"column":27}},"4":{"start":{"line":1,"column":0},"end":{"line":1,"column":13}}},"fnMap":{"0":{"name":"(anonymous_0)","decl":{"start":{"line":5,"column":2},"end":{"line":5,"column":14}},"loc":{"start":{"line":5,"column":67},"end":{"line":11,"column":3}}}},"branchMap":{},"s":{"0":1,"1":1,"2":1,"3":1,"4":1},"f":{"0":1},"b":{}}
,"C:\\Users\\iakirsanov\\Desktop\\Projects\\pet\\simple-node-app\\src\\logger\\logger.service.ts": {"path":"C:\\Users\\iakirsanov\\Desktop\\Projects\\pet\\simple-node-app\\src\\logger\\logger.service.ts","statementMap":{"0":{"start":{"line":1,"column":0},"end":{"line":1,"column":39}},"1":{"start":{"line":2,"column":0},"end":{"line":2,"column":31}},"2":{"start":{"line":7,"column":0},"end":{"line":30,"column":null}},"3":{"start":{"line":11,"column":4},"end":{"line":16,"column":7}},"4":{"start":{"line":20,"column":4},"end":{"line":20,"column":30}},"5":{"start":{"line":24,"column":4},"end":{"line":24,"column":31}},"6":{"start":{"line":28,"column":4},"end":{"line":28,"column":30}},"7":{"start":{"line":7,"column":13},"end":{"line":30,"column":null}},"8":{"start":{"line":7,"column":13},"end":{"line":7,"column":26}}},"fnMap":{"0":{"name":"(anonymous_2)","decl":{"start":{"line":10,"column":2},"end":{"line":10,"column":null}},"loc":{"start":{"line":10,"column":2},"end":{"line":17,"column":3}}},"1":{"name":"(anonymous_3)","decl":{"start":{"line":19,"column":2},"end":{"line":19,"column":5}},"loc":{"start":{"line":19,"column":24},"end":{"line":21,"column":3}}},"2":{"name":"(anonymous_4)","decl":{"start":{"line":23,"column":2},"end":{"line":23,"column":7}},"loc":{"start":{"line":23,"column":26},"end":{"line":25,"column":3}}},"3":{"name":"(anonymous_5)","decl":{"start":{"line":27,"column":2},"end":{"line":27,"column":6}},"loc":{"start":{"line":27,"column":25},"end":{"line":29,"column":3}}}},"branchMap":{},"s":{"0":1,"1":1,"2":1,"3":1,"4":6,"5":1,"6":0,"7":1,"8":1},"f":{"0":1,"1":6,"2":1,"3":0},"b":{}}
}
