TN:
SF:src\app.ts
FN:21,(anonymous_12)
FN:32,(anonymous_13)
FN:38,(anonymous_14)
FN:42,(anonymous_15)
FN:46,(anonymous_16)
FN:56,(anonymous_18)
FNF:6
FNH:6
FNDA:1,(anonymous_12)
FNDA:1,(anonymous_13)
FNDA:1,(anonymous_14)
FNDA:1,(anonymous_15)
FNDA:1,(anonymous_16)
FNDA:1,(anonymous_18)
DA:1,1
DA:2,1
DA:4,1
DA:6,1
DA:9,1
DA:16,1
DA:22,1
DA:23,1
DA:24,1
DA:25,1
DA:26,1
DA:28,1
DA:29,1
DA:33,1
DA:34,1
DA:35,1
DA:39,1
DA:43,1
DA:47,1
DA:48,1
DA:49,1
DA:50,1
DA:52,1
DA:53,1
DA:57,1
LF:25
LH:25
BRF:0
BRH:0
end_of_record
TN:
SF:src\main.ts
FN:33,(anonymous_7)
FN:44,bootstrap
FNF:2
FNH:2
FNDA:1,(anonymous_7)
FNDA:1,bootstrap
DA:1,1
DA:2,1
DA:5,1
DA:15,1
DA:16,1
DA:17,1
DA:18,1
DA:21,1
DA:22,1
DA:23,1
DA:25,1
DA:33,1
DA:34,1
DA:35,1
DA:36,1
DA:37,1
DA:38,1
DA:39,1
DA:40,1
DA:41,1
DA:45,1
DA:46,1
DA:48,1
DA:49,1
DA:51,1
DA:54,1
LF:26
LH:26
BRF:0
BRH:0
end_of_record
TN:
SF:src\types.ts
FNF:0
FNH:0
DA:1,1
LF:1
LH:1
BRF:0
BRH:0
end_of_record
TN:
SF:src\common\base.controller.ts
FN:12,(anonymous_2)
FN:16,(anonymous_3)
FN:20,(anonymous_4)
FN:24,(anonymous_5)
FN:29,(anonymous_6)
FN:33,(anonymous_7)
FN:37,(anonymous_8)
FN:40,(anonymous_9)
FNF:8
FNH:6
FNDA:1,(anonymous_2)
FNDA:1,(anonymous_3)
FNDA:0,(anonymous_4)
FNDA:4,(anonymous_5)
FNDA:4,(anonymous_6)
FNDA:0,(anonymous_7)
FNDA:1,(anonymous_8)
FNDA:3,(anonymous_9)
DA:1,1
DA:2,1
DA:9,1
DA:12,1
DA:13,1
DA:17,1
DA:21,0
DA:25,4
DA:26,4
DA:30,4
DA:34,0
DA:38,1
DA:39,3
DA:40,3
DA:41,3
DA:43,3
DA:47,3
LF:17
LH:15
BRDA:40,0,0,3
BRDA:40,0,1,0
BRDA:43,1,0,3
BRDA:43,1,1,0
BRDA:43,2,0,3
BRDA:43,2,1,3
BRF:6
BRH:4
end_of_record
TN:
SF:src\common\guards\auth.guard.ts
FN:6,(anonymous_0)
FNF:1
FNH:1
FNDA:2,(anonymous_0)
DA:5,1
DA:7,2
DA:8,1
LF:3
LH:3
BRDA:7,0,0,1
BRF:1
BRH:1
end_of_record
TN:
SF:src\common\middlewares\auth.middleware.ts
FN:7,(anonymous_7)
FN:9,(anonymous_8)
FN:10,(anonymous_9)
FN:11,(anonymous_10)
FN:21,(anonymous_11)
FNF:5
FNH:5
FNDA:1,(anonymous_7)
FNDA:2,(anonymous_8)
FNDA:2,(anonymous_9)
FNDA:2,(anonymous_10)
FNDA:7,(anonymous_11)
DA:2,1
DA:6,1
DA:7,1
DA:10,2
DA:11,2
DA:12,2
DA:13,1
DA:14,1
DA:15,1
DA:22,7
DA:24,7
DA:25,2
DA:26,2
DA:27,1
DA:28,1
DA:29,1
LF:16
LH:16
BRDA:12,0,0,1
BRDA:12,0,1,1
BRDA:14,1,0,1
BRDA:14,2,0,1
BRDA:14,2,1,1
BRDA:22,3,0,5
BRDA:24,4,0,2
BRDA:27,5,0,1
BRF:8
BRH:8
end_of_record
TN:
SF:src\common\middlewares\validate.middleware.ts
FN:8,(anonymous_0)
FN:10,(anonymous_1)
FN:13,(anonymous_2)
FNF:3
FNH:3
FNDA:2,(anonymous_0)
FNDA:5,(anonymous_1)
FNDA:5,(anonymous_2)
DA:2,1
DA:3,1
DA:7,1
DA:8,2
DA:11,5
DA:13,5
DA:14,5
DA:15,1
DA:17,4
LF:9
LH:9
BRDA:14,0,0,1
BRDA:14,0,1,4
BRF:2
BRH:2
end_of_record
TN:
SF:src\config\config.service.ts
FN:12,(anonymous_4)
FN:23,(anonymous_5)
FNF:2
FNH:2
FNDA:1,(anonymous_4)
FNDA:4,(anonymous_5)
DA:1,1
DA:2,1
DA:6,1
DA:9,1
DA:12,1
DA:13,1
DA:15,1
DA:16,0
DA:18,1
DA:19,1
DA:24,4
LF:11
LH:10
BRDA:15,0,0,0
BRDA:15,0,1,1
BRF:2
BRH:1
end_of_record
TN:
SF:src\database\prisma.service.ts
FN:12,(anonymous_11)
FN:16,(anonymous_12)
FN:27,(anonymous_14)
FNF:3
FNH:2
FNDA:1,(anonymous_11)
FNDA:1,(anonymous_12)
FNDA:0,(anonymous_14)
DA:1,1
DA:2,1
DA:6,1
DA:9,1
DA:12,1
DA:13,1
DA:17,1
DA:18,1
DA:19,1
DA:21,0
DA:22,0
DA:28,0
DA:29,0
LF:13
LH:9
BRDA:21,0,0,0
BRF:1
BRH:0
end_of_record
TN:
SF:src\entities\users\user.entity.ts
FN:6,(anonymous_7)
FN:11,(anonymous_8)
FN:15,(anonymous_9)
FN:19,(anonymous_10)
FN:23,(anonymous_11)
FN:27,(anonymous_12)
FNF:6
FNH:6
FNDA:4,(anonymous_7)
FNDA:1,(anonymous_8)
FNDA:1,(anonymous_9)
FNDA:1,(anonymous_10)
FNDA:3,(anonymous_11)
FNDA:1,(anonymous_12)
DA:1,1
DA:3,1
DA:7,4
DA:8,4
DA:12,1
DA:16,1
DA:20,1
DA:24,3
DA:28,1
LF:9
LH:9
BRF:0
BRH:0
end_of_record
TN:
SF:src\entities\users\users.controller.ts
FN:43,(anonymous_11)
FN:52,(anonymous_12)
FN:60,(anonymous_14)
FN:67,(anonymous_16)
FN:74,(anonymous_18)
FN:75,(anonymous_19)
FN:82,(anonymous_20)
FNF:7
FNH:7
FNDA:1,(anonymous_11)
FNDA:3,(anonymous_12)
FNDA:1,(anonymous_14)
FNDA:1,(anonymous_16)
FNDA:2,(anonymous_18)
FNDA:2,(anonymous_19)
FNDA:2,(anonymous_20)
DA:2,1
DA:3,1
DA:5,1
DA:11,1
DA:12,1
DA:13,1
DA:16,1
DA:17,1
DA:18,1
DA:21,1
DA:22,1
DA:44,1
DA:45,1
DA:46,1
DA:48,1
DA:49,1
DA:53,3
DA:54,3
DA:56,2
DA:57,2
DA:61,1
DA:62,1
DA:64,1
DA:68,1
DA:69,1
DA:71,1
DA:75,2
DA:76,2
DA:83,2
DA:84,2
LF:30
LH:30
BRDA:54,0,0,1
BRDA:62,1,0,0
BRDA:69,2,0,0
BRDA:83,3,0,0
BRF:4
BRH:1
end_of_record
TN:
SF:src\entities\users\users.repository.ts
FN:11,(anonymous_11)
FN:13,(anonymous_12)
FN:23,(anonymous_14)
FNF:3
FNH:3
FNDA:1,(anonymous_11)
FNDA:1,(anonymous_12)
FNDA:5,(anonymous_14)
DA:2,1
DA:4,1
DA:10,1
DA:11,1
DA:14,1
DA:24,5
LF:6
LH:6
BRF:0
BRH:0
end_of_record
TN:
SF:src\entities\users\users.service.ts
FN:15,(anonymous_12)
FN:20,(anonymous_13)
FN:28,(anonymous_15)
FN:38,(anonymous_17)
FNF:4
FNH:4
FNDA:1,(anonymous_12)
FNDA:3,(anonymous_13)
FNDA:1,(anonymous_15)
FNDA:1,(anonymous_17)
DA:1,1
DA:4,1
DA:9,1
DA:14,1
DA:16,1
DA:17,1
DA:21,3
DA:22,3
DA:24,3
DA:25,3
DA:29,1
DA:30,1
DA:31,1
DA:33,1
DA:34,1
DA:35,1
DA:39,1
DA:40,1
DA:41,1
DA:42,1
LF:20
LH:20
BRDA:22,0,0,0
BRDA:34,1,0,0
BRDA:40,2,0,0
BRF:3
BRH:0
end_of_record
TN:
SF:src\entities\users\dto\user-login.dto.ts
FNF:0
FNH:0
DA:1,1
DA:3,1
DA:5,1
DA:8,1
LF:4
LH:4
BRF:0
BRH:0
end_of_record
TN:
SF:src\entities\users\dto\user-register.dto.ts
FNF:0
FNH:0
DA:1,1
DA:3,1
DA:5,1
DA:8,1
DA:11,1
LF:5
LH:5
BRF:0
BRH:0
end_of_record
TN:
SF:src\errors\exeption.filter.ts
FN:12,(anonymous_4)
FN:14,(anonymous_5)
FNF:2
FNH:2
FNDA:1,(anonymous_4)
FNDA:1,(anonymous_5)
DA:2,1
DA:4,1
DA:8,1
DA:11,1
DA:12,1
DA:15,1
DA:16,1
DA:17,1
DA:19,0
DA:20,0
LF:10
LH:8
BRDA:15,0,0,1
BRDA:15,0,1,0
BRF:2
BRH:1
end_of_record
TN:
SF:src\errors\http-error.ts
FN:5,(anonymous_0)
FNF:1
FNH:1
FNDA:1,(anonymous_0)
DA:1,1
DA:6,1
DA:8,1
DA:9,1
DA:10,1
LF:5
LH:5
BRF:0
BRH:0
end_of_record
TN:
SF:src\logger\logger.service.ts
FN:10,(anonymous_2)
FN:19,(anonymous_3)
FN:23,(anonymous_4)
FN:27,(anonymous_5)
FNF:4
FNH:3
FNDA:1,(anonymous_2)
FNDA:6,(anonymous_3)
FNDA:1,(anonymous_4)
FNDA:0,(anonymous_5)
DA:1,1
DA:2,1
DA:7,1
DA:11,1
DA:20,6
DA:24,1
DA:28,0
LF:7
LH:6
BRF:0
BRH:0
end_of_record
